<?xml version="1.0" encoding="UTF-8"?>
<testng-results ignored="0" total="1" passed="1" failed="0" skipped="0">
  <reporter-output>
  </reporter-output>
  <suite started-at="2024-07-24T18:48:55 EDT" name="WikiScraperSuite" finished-at="2024-07-24T18:48:56 EDT" duration-ms="1776">
    <groups>
    </groups>
    <test started-at="2024-07-24T18:48:55 EDT" name="WikiScraperTest" finished-at="2024-07-24T18:48:56 EDT" duration-ms="1776">
      <class name="Wikipedia.Wikipedia.WikiScraperTest">
        <test-method signature="scrapeWikiLinks(java.lang.String,int)[pri:0, instance:Wikipedia.Wikipedia.WikiScraperTest@2cd2a21f]" started-at="2024-07-24T18:48:55 EDT" name="scrapeWikiLinks" finished-at="2024-07-24T18:48:56 EDT" duration-ms="1720" status="PASS">
          <params>
            <param index="0">
              <value>
                <![CDATA[https://en.wikipedia.org/wiki/OpenAI]]>
              </value>
            </param>
            <param index="1">
              <value>
                <![CDATA[2]]>
              </value>
            </param>
          </params>
          <reporter-output>
          </reporter-output>
        </test-method> <!-- scrapeWikiLinks -->
      </class> <!-- Wikipedia.Wikipedia.WikiScraperTest -->
    </test> <!-- WikiScraperTest -->
  </suite> <!-- WikiScraperSuite -->
</testng-results>
